<?xml version="1.0" encoding="UTF-8"?>
<coverage generated="1789608038576" clover="3.2.0">
  <project timestamp="1789608038576" name="All files">
    <metrics statements="95" coveredstatements="92" conditionals="28" coveredconditionals="22" methods="19" coveredmethods="18" elements="142" coveredelements="132" complexity="0" loc="95" ncloc="95" packages="2" files="4" classes="4"/>
    <package name="src">
      <metrics statements="13" coveredstatements="11" conditionals="4" coveredconditionals="1" methods="1" coveredmethods="0"/>
      <file name="server.js" path="/home/jmf/Documentos/bob-workspace/projeto-final-dio-formacao-bob/dio-explorer/src/server.js">
        <metrics statements="13" coveredstatements="11" conditionals="4" coveredconditionals="1" methods="1" coveredmethods="0"/>
        <line num="1" count="3" type="stmt"/>
        <line num="2" count="3" type="stmt"/>
        <line num="3" count="3" type="stmt"/>
        <line num="4" count="3" type="stmt"/>
        <line num="6" count="3" type="stmt"/>
        <line num="7" count="3" type="stmt"/>
        <line num="9" count="3" type="stmt"/>
        <line num="10" count="3" type="stmt"/>
        <line num="11" count="3" type="stmt"/>
        <line num="13" count="3" type="stmt"/>
        <line num="15" count="3" type="cond" truecount="1" falsecount="1"/>
        <line num="16" count="0" type="cond" truecount="0" falsecount="2"/>
        <line num="17" count="0" type="stmt"/>
      </file>
    </package>
    <package name="src.routes">
      <metrics statements="82" coveredstatements="81" conditionals="24" coveredconditionals="21" methods="18" coveredmethods="18"/>
      <file name="certificado.js" path="/home/jmf/Documentos/bob-workspace/projeto-final-dio-formacao-bob/dio-explorer/src/routes/certificado.js">
        <metrics statements="29" coveredstatements="28" conditionals="14" coveredconditionals="13" methods="6" coveredmethods="6"/>
        <line num="1" count="3" type="stmt"/>
        <line num="2" count="3" type="stmt"/>
        <line num="3" count="3" type="stmt"/>
        <line num="5" count="3" type="stmt"/>
        <line num="11" count="3" type="stmt"/>
        <line num="12" count="13" type="stmt"/>
        <line num="14" count="13" type="cond" truecount="4" falsecount="0"/>
        <line num="15" count="3" type="stmt"/>
        <line num="20" count="10" type="stmt"/>
        <line num="21" count="10" type="stmt"/>
        <line num="23" count="90" type="cond" truecount="2" falsecount="0"/>
        <line num="27" count="10" type="stmt"/>
        <line num="28" count="10" type="stmt"/>
        <line num="34" count="10" type="stmt"/>
        <line num="35" count="10" type="stmt"/>
        <line num="37" count="10" type="cond" truecount="2" falsecount="0"/>
        <line num="39" count="2" type="stmt"/>
        <line num="57" count="8" type="stmt"/>
        <line num="59" count="8" type="stmt"/>
        <line num="79" count="10" type="stmt"/>
        <line num="80" count="40" type="stmt"/>
        <line num="84" count="8" type="stmt"/>
        <line num="90" count="8" type="cond" truecount="4" falsecount="0"/>
        <line num="91" count="2" type="stmt"/>
        <line num="93" count="8" type="cond" truecount="1" falsecount="1"/>
        <line num="94" count="0" type="stmt"/>
        <line num="96" count="8" type="stmt"/>
        <line num="100" count="2" type="stmt"/>
        <line num="108" count="3" type="stmt"/>
      </file>
      <file name="desafio.js" path="/home/jmf/Documentos/bob-workspace/projeto-final-dio-formacao-bob/dio-explorer/src/routes/desafio.js">
        <metrics statements="23" coveredstatements="23" conditionals="4" coveredconditionals="4" methods="5" coveredmethods="5"/>
        <line num="1" count="3" type="stmt"/>
        <line num="3" count="3" type="stmt"/>
        <line num="9" count="3" type="stmt"/>
        <line num="10" count="55" type="stmt"/>
        <line num="11" count="55" type="stmt"/>
        <line num="12" count="55" type="stmt"/>
        <line num="14" count="55" type="cond" truecount="2" falsecount="0"/>
        <line num="15" count="2" type="stmt"/>
        <line num="21" count="53" type="stmt"/>
        <line num="22" count="53" type="stmt"/>
        <line num="27" count="3" type="stmt"/>
        <line num="37" count="55" type="cond" truecount="2" falsecount="0"/>
        <line num="40" count="3" type="stmt"/>
        <line num="42" count="3" type="stmt"/>
        <line num="48" count="3" type="stmt"/>
        <line num="225" count="53" type="stmt"/>
        <line num="229" count="53" type="stmt"/>
        <line num="230" count="53" type="stmt"/>
        <line num="231" count="53" type="stmt"/>
        <line num="235" count="53" type="stmt"/>
        <line num="236" count="53" type="stmt"/>
        <line num="238" count="53" type="stmt"/>
        <line num="253" count="3" type="stmt"/>
      </file>
      <file name="trilha.js" path="/home/jmf/Documentos/bob-workspace/projeto-final-dio-formacao-bob/dio-explorer/src/routes/trilha.js">
        <metrics statements="30" coveredstatements="30" conditionals="6" coveredconditionals="4" methods="7" coveredmethods="7"/>
        <line num="1" count="3" type="stmt"/>
        <line num="2" count="3" type="stmt"/>
        <line num="3" count="3" type="stmt"/>
        <line num="5" count="3" type="stmt"/>
        <line num="10" count="3" type="stmt"/>
        <line num="11" count="10" type="stmt"/>
        <line num="12" count="89" type="stmt"/>
        <line num="14" count="10" type="cond" truecount="2" falsecount="0"/>
        <line num="15" count="80" type="stmt"/>
        <line num="16" count="2" type="stmt"/>
        <line num="23" count="8" type="stmt"/>
        <line num="24" count="8" type="stmt"/>
        <line num="25" count="8" type="stmt"/>
        <line num="26" count="8" type="stmt"/>
        <line num="28" count="8" type="stmt"/>
        <line num="40" count="16" type="stmt"/>
        <line num="48" count="8" type="stmt"/>
        <line num="54" count="16" type="stmt"/>
        <line num="55" count="16" type="stmt"/>
        <line num="58" count="3" type="stmt"/>
        <line num="97" count="3" type="stmt"/>
        <line num="100" count="8" type="cond" truecount="1" falsecount="1"/>
        <line num="101" count="8" type="cond" truecount="1" falsecount="1"/>
        <line num="102" count="8" type="stmt"/>
        <line num="103" count="8" type="stmt"/>
        <line num="104" count="66" type="stmt"/>
        <line num="105" count="66" type="stmt"/>
        <line num="112" count="8" type="stmt"/>
        <line num="116" count="8" type="stmt"/>
        <line num="123" count="3" type="stmt"/>
      </file>
    </package>
  </project>
</coverage>
