{"/home/jmf/Documentos/bob-workspace/projeto-final-dio-formacao-bob/dio-explorer/src/server.js": {"path":"/home/jmf/Documentos/bob-workspace/projeto-final-dio-formacao-bob/dio-explorer/src/server.js","statementMap":{"0":{"start":{"line":1,"column":16},"end":{"line":1,"column":34}},"1":{"start":{"line":2,"column":21},"end":{"line":2,"column":47}},"2":{"start":{"line":3,"column":26},"end":{"line":3,"column":57}},"3":{"start":{"line":4,"column":22},"end":{"line":4,"column":49}},"4":{"start":{"line":6,"column":12},"end":{"line":6,"column":21}},"5":{"start":{"line":7,"column":0},"end":{"line":7,"column":24}},"6":{"start":{"line":9,"column":0},"end":{"line":9,"column":33}},"7":{"start":{"line":10,"column":0},"end":{"line":10,"column":43}},"8":{"start":{"line":11,"column":0},"end":{"line":11,"column":35}},"9":{"start":{"line":13,"column":0},"end":{"line":13,"column":21}},"10":{"start":{"line":15,"column":0},"end":{"line":18,"column":1}},"11":{"start":{"line":16,"column":15},"end":{"line":16,"column":39}},"12":{"start":{"line":17,"column":2},"end":{"line":17,"column":82}},"13":{"start":{"line":17,"column":25},"end":{"line":17,"column":80}}},"fnMap":{"0":{"name":"(anonymous_0)","decl":{"start":{"line":17,"column":19},"end":{"line":17,"column":20}},"loc":{"start":{"line":17,"column":25},"end":{"line":17,"column":80}},"line":17}},"branchMap":{"0":{"loc":{"start":{"line":15,"column":0},"end":{"line":18,"column":1}},"type":"if","locations":[{"start":{"line":15,"column":0},"end":{"line":18,"column":1}},{"start":{},"end":{}}],"line":15},"1":{"loc":{"start":{"line":16,"column":15},"end":{"line":16,"column":39}},"type":"binary-expr","locations":[{"start":{"line":16,"column":15},"end":{"line":16,"column":31}},{"start":{"line":16,"column":35},"end":{"line":16,"column":39}}],"line":16}},"s":{"0":3,"1":3,"2":3,"3":3,"4":3,"5":3,"6":3,"7":3,"8":3,"9":3,"10":3,"11":0,"12":0,"13":0},"f":{"0":0},"b":{"0":[0,3],"1":[0,0]},"_coverageSchema":"1a1c01bbd47fc00a2c39e90264f33305004495a9","hash":"9cc59202c63f890e618ce5e8eb84172505f73b26"}
,"/home/jmf/Documentos/bob-workspace/projeto-final-dio-formacao-bob/dio-explorer/src/routes/certificado.js": {"path":"/home/jmf/Documentos/bob-workspace/projeto-final-dio-formacao-bob/dio-explorer/src/routes/certificado.js","statementMap":{"0":{"start":{"line":1,"column":16},"end":{"line":1,"column":34}},"1":{"start":{"line":2,"column":13},"end":{"line":2,"column":28}},"2":{"start":{"line":3,"column":20},"end":{"line":3,"column":80}},"3":{"start":{"line":5,"column":15},"end":{"line":5,"column":31}},"4":{"start":{"line":11,"column":0},"end":{"line":74,"column":3}},"5":{"start":{"line":12,"column":40},"end":{"line":12,"column":48}},"6":{"start":{"line":14,"column":2},"end":{"line":18,"column":3}},"7":{"start":{"line":15,"column":4},"end":{"line":17,"column":7}},"8":{"start":{"line":20,"column":16},"end":{"line":20,"column":41}},"9":{"start":{"line":21,"column":17},"end":{"line":25,"column":3}},"10":{"start":{"line":23,"column":6},"end":{"line":24,"column":48}},"11":{"start":{"line":27,"column":15},"end":{"line":27,"column":25}},"12":{"start":{"line":28,"column":24},"end":{"line":32,"column":13}},"13":{"start":{"line":34,"column":14},"end":{"line":34,"column":32}},"14":{"start":{"line":35,"column":26},"end":{"line":35,"column":40}},"15":{"start":{"line":37,"column":2},"end":{"line":55,"column":3}},"16":{"start":{"line":39,"column":4},"end":{"line":54,"column":7}},"17":{"start":{"line":57,"column":19},"end":{"line":57,"column":53}},"18":{"start":{"line":59,"column":2},"end":{"line":73,"column":5}},"19":{"start":{"line":79,"column":16},"end":{"line":79,"column":44}},"20":{"start":{"line":80,"column":2},"end":{"line":80,"column":99}},"21":{"start":{"line":80,"column":41},"end":{"line":80,"column":88}},"22":{"start":{"line":84,"column":15},"end":{"line":89,"column":3}},"23":{"start":{"line":90,"column":2},"end":{"line":92,"column":3}},"24":{"start":{"line":91,"column":4},"end":{"line":91,"column":86}},"25":{"start":{"line":93,"column":2},"end":{"line":95,"column":3}},"26":{"start":{"line":94,"column":4},"end":{"line":94,"column":70}},"27":{"start":{"line":96,"column":2},"end":{"line":96,"column":14}},"28":{"start":{"line":100,"column":2},"end":{"line":105,"column":4}},"29":{"start":{"line":108,"column":0},"end":{"line":108,"column":24}}},"fnMap":{"0":{"name":"(anonymous_0)","decl":{"start":{"line":11,"column":17},"end":{"line":11,"column":18}},"loc":{"start":{"line":11,"column":31},"end":{"line":74,"column":1}},"line":11},"1":{"name":"(anonymous_1)","decl":{"start":{"line":22,"column":4},"end":{"line":22,"column":5}},"loc":{"start":{"line":23,"column":6},"end":{"line":24,"column":48}},"line":23},"2":{"name":"gerarSufixo","decl":{"start":{"line":78,"column":9},"end":{"line":78,"column":20}},"loc":{"start":{"line":78,"column":24},"end":{"line":81,"column":1}},"line":78},"3":{"name":"(anonymous_3)","decl":{"start":{"line":80,"column":35},"end":{"line":80,"column":36}},"loc":{"start":{"line":80,"column":41},"end":{"line":80,"column":88}},"line":80},"4":{"name":"gerarCompetencias","decl":{"start":{"line":83,"column":9},"end":{"line":83,"column":26}},"loc":{"start":{"line":83,"column":46},"end":{"line":97,"column":1}},"line":83},"5":{"name":"competenciasGenericas","decl":{"start":{"line":99,"column":9},"end":{"line":99,"column":30}},"loc":{"start":{"line":99,"column":33},"end":{"line":106,"column":1}},"line":99}},"branchMap":{"0":{"loc":{"start":{"line":14,"column":2},"end":{"line":18,"column":3}},"type":"if","locations":[{"start":{"line":14,"column":2},"end":{"line":18,"column":3}},{"start":{},"end":{}}],"line":14},"1":{"loc":{"start":{"line":14,"column":6},"end":{"line":14,"column":27}},"type":"binary-expr","locations":[{"start":{"line":14,"column":6},"end":{"line":14,"column":11}},{"start":{"line":14,"column":15},"end":{"line":14,"column":27}}],"line":14},"2":{"loc":{"start":{"line":23,"column":6},"end":{"line":24,"column":48}},"type":"binary-expr","locations":[{"start":{"line":23,"column":6},"end":{"line":23,"column":42}},{"start":{"line":24,"column":6},"end":{"line":24,"column":48}}],"line":23},"3":{"loc":{"start":{"line":37,"column":2},"end":{"line":55,"column":3}},"type":"if","locations":[{"start":{"line":37,"column":2},"end":{"line":55,"column":3}},{"start":{},"end":{}}],"line":37},"4":{"loc":{"start":{"line":90,"column":2},"end":{"line":92,"column":3}},"type":"if","locations":[{"start":{"line":90,"column":2},"end":{"line":92,"column":3}},{"start":{},"end":{}}],"line":90},"5":{"loc":{"start":{"line":90,"column":6},"end":{"line":90,"column":55}},"type":"binary-expr","locations":[{"start":{"line":90,"column":6},"end":{"line":90,"column":31}},{"start":{"line":90,"column":35},"end":{"line":90,"column":55}}],"line":90},"6":{"loc":{"start":{"line":93,"column":2},"end":{"line":95,"column":3}},"type":"if","locations":[{"start":{"line":93,"column":2},"end":{"line":95,"column":3}},{"start":{},"end":{}}],"line":93}},"s":{"0":3,"1":3,"2":3,"3":3,"4":3,"5":13,"6":13,"7":3,"8":10,"9":10,"10":90,"11":10,"12":10,"13":10,"14":10,"15":10,"16":2,"17":8,"18":8,"19":10,"20":10,"21":40,"22":8,"23":8,"24":2,"25":8,"26":0,"27":8,"28":2,"29":3},"f":{"0":13,"1":90,"2":10,"3":40,"4":8,"5":2},"b":{"0":[3,10],"1":[13,11],"2":[90,82],"3":[2,8],"4":[2,6],"5":[8,6],"6":[0,8]},"_coverageSchema":"1a1c01bbd47fc00a2c39e90264f33305004495a9","hash":"fd6c5ed1e2ebcc69396e1c630fbff5862514da4c"}
,"/home/jmf/Documentos/bob-workspace/projeto-final-dio-formacao-bob/dio-explorer/src/routes/desafio.js": {"path":"/home/jmf/Documentos/bob-workspace/projeto-final-dio-formacao-bob/dio-explorer/src/routes/desafio.js","statementMap":{"0":{"start":{"line":1,"column":16},"end":{"line":1,"column":34}},"1":{"start":{"line":3,"column":15},"end":{"line":3,"column":31}},"2":{"start":{"line":9,"column":0},"end":{"line":23,"column":3}},"3":{"start":{"line":10,"column":21},"end":{"line":10,"column":42}},"4":{"start":{"line":11,"column":19},"end":{"line":11,"column":35}},"5":{"start":{"line":12,"column":16},"end":{"line":12,"column":41}},"6":{"start":{"line":14,"column":2},"end":{"line":19,"column":3}},"7":{"start":{"line":15,"column":4},"end":{"line":18,"column":7}},"8":{"start":{"line":21,"column":18},"end":{"line":21,"column":49}},"9":{"start":{"line":22,"column":2},"end":{"line":22,"column":20}},"10":{"start":{"line":27,"column":18},"end":{"line":34,"column":1}},"11":{"start":{"line":37,"column":2},"end":{"line":37,"column":46}},"12":{"start":{"line":40,"column":21},"end":{"line":40,"column":95}},"13":{"start":{"line":42,"column":24},"end":{"line":46,"column":1}},"14":{"start":{"line":48,"column":27},"end":{"line":222,"column":1}},"15":{"start":{"line":225,"column":2},"end":{"line":225,"column":59}},"16":{"start":{"line":229,"column":21},"end":{"line":229,"column":40}},"17":{"start":{"line":230,"column":14},"end":{"line":230,"column":43}},"18":{"start":{"line":231,"column":2},"end":{"line":231,"column":18}},"19":{"start":{"line":235,"column":16},"end":{"line":235,"column":41}},"20":{"start":{"line":236,"column":19},"end":{"line":236,"column":66}},"21":{"start":{"line":238,"column":2},"end":{"line":250,"column":4}},"22":{"start":{"line":253,"column":0},"end":{"line":253,"column":24}}},"fnMap":{"0":{"name":"(anonymous_0)","decl":{"start":{"line":9,"column":34},"end":{"line":9,"column":35}},"loc":{"start":{"line":9,"column":48},"end":{"line":23,"column":1}},"line":9},"1":{"name":"normalizarNivel","decl":{"start":{"line":36,"column":9},"end":{"line":36,"column":24}},"loc":{"start":{"line":36,"column":30},"end":{"line":38,"column":1}},"line":36},"2":{"name":"randomInt","decl":{"start":{"line":224,"column":9},"end":{"line":224,"column":18}},"loc":{"start":{"line":224,"column":29},"end":{"line":226,"column":1}},"line":224},"3":{"name":"xpAleatorio","decl":{"start":{"line":228,"column":9},"end":{"line":228,"column":20}},"loc":{"start":{"line":228,"column":28},"end":{"line":232,"column":1}},"line":228},"4":{"name":"gerarDesafio","decl":{"start":{"line":234,"column":9},"end":{"line":234,"column":21}},"loc":{"start":{"line":234,"column":41},"end":{"line":251,"column":1}},"line":234}},"branchMap":{"0":{"loc":{"start":{"line":14,"column":2},"end":{"line":19,"column":3}},"type":"if","locations":[{"start":{"line":14,"column":2},"end":{"line":19,"column":3}},{"start":{},"end":{}}],"line":14},"1":{"loc":{"start":{"line":37,"column":9},"end":{"line":37,"column":45}},"type":"binary-expr","locations":[{"start":{"line":37,"column":9},"end":{"line":37,"column":37}},{"start":{"line":37,"column":41},"end":{"line":37,"column":45}}],"line":37}},"s":{"0":3,"1":3,"2":3,"3":55,"4":55,"5":55,"6":55,"7":2,"8":53,"9":53,"10":3,"11":55,"12":3,"13":3,"14":3,"15":53,"16":53,"17":53,"18":53,"19":53,"20":53,"21":53,"22":3},"f":{"0":55,"1":55,"2":53,"3":53,"4":53},"b":{"0":[2,53],"1":[55,2]},"_coverageSchema":"1a1c01bbd47fc00a2c39e90264f33305004495a9","hash":"af769d6e661855ed14ee089c10258223263c74f9"}
,"/home/jmf/Documentos/bob-workspace/projeto-final-dio-formacao-bob/dio-explorer/src/routes/trilha.js": {"path":"/home/jmf/Documentos/bob-workspace/projeto-final-dio-formacao-bob/dio-explorer/src/routes/trilha.js","statementMap":{"0":{"start":{"line":1,"column":16},"end":{"line":1,"column":34}},"1":{"start":{"line":2,"column":13},"end":{"line":2,"column":28}},"2":{"start":{"line":3,"column":20},"end":{"line":3,"column":80}},"3":{"start":{"line":5,"column":15},"end":{"line":5,"column":31}},"4":{"start":{"line":10,"column":0},"end":{"line":49,"column":3}},"5":{"start":{"line":11,"column":16},"end":{"line":11,"column":51}},"6":{"start":{"line":12,"column":17},"end":{"line":12,"column":78}},"7":{"start":{"line":12,"column":35},"end":{"line":12,"column":77}},"8":{"start":{"line":14,"column":2},"end":{"line":20,"column":3}},"9":{"start":{"line":15,"column":24},"end":{"line":15,"column":54}},"10":{"start":{"line":15,"column":41},"end":{"line":15,"column":53}},"11":{"start":{"line":16,"column":4},"end":{"line":19,"column":7}},"12":{"start":{"line":23,"column":16},"end":{"line":23,"column":40}},"13":{"start":{"line":24,"column":19},"end":{"line":24,"column":41}},"14":{"start":{"line":25,"column":19},"end":{"line":25,"column":42}},"15":{"start":{"line":26,"column":18},"end":{"line":26,"column":70}},"16":{"start":{"line":28,"column":16},"end":{"line":46,"column":3}},"17":{"start":{"line":40,"column":50},"end":{"line":44,"column":5}},"18":{"start":{"line":48,"column":2},"end":{"line":48,"column":18}},"19":{"start":{"line":54,"column":26},"end":{"line":54,"column":40}},"20":{"start":{"line":55,"column":2},"end":{"line":55,"column":32}},"21":{"start":{"line":58,"column":24},"end":{"line":95,"column":1}},"22":{"start":{"line":97,"column":24},"end":{"line":97,"column":84}},"23":{"start":{"line":100,"column":15},"end":{"line":100,"column":73}},"24":{"start":{"line":101,"column":16},"end":{"line":101,"column":48}},"25":{"start":{"line":102,"column":18},"end":{"line":102,"column":20}},"26":{"start":{"line":103,"column":2},"end":{"line":111,"column":3}},"27":{"start":{"line":103,"column":15},"end":{"line":103,"column":16}},"28":{"start":{"line":104,"column":17},"end":{"line":104,"column":38}},"29":{"start":{"line":105,"column":4},"end":{"line":110,"column":7}},"30":{"start":{"line":112,"column":2},"end":{"line":112,"column":17}},"31":{"start":{"line":116,"column":2},"end":{"line":120,"column":4}},"32":{"start":{"line":123,"column":0},"end":{"line":123,"column":24}}},"fnMap":{"0":{"name":"(anonymous_0)","decl":{"start":{"line":10,"column":27},"end":{"line":10,"column":28}},"loc":{"start":{"line":10,"column":41},"end":{"line":49,"column":1}},"line":10},"1":{"name":"(anonymous_1)","decl":{"start":{"line":12,"column":30},"end":{"line":12,"column":31}},"loc":{"start":{"line":12,"column":35},"end":{"line":12,"column":77}},"line":12},"2":{"name":"(anonymous_2)","decl":{"start":{"line":15,"column":36},"end":{"line":15,"column":37}},"loc":{"start":{"line":15,"column":41},"end":{"line":15,"column":53}},"line":15},"3":{"name":"(anonymous_3)","decl":{"start":{"line":40,"column":44},"end":{"line":40,"column":45}},"loc":{"start":{"line":40,"column":50},"end":{"line":44,"column":5}},"line":40},"4":{"name":"formatarData","decl":{"start":{"line":53,"column":9},"end":{"line":53,"column":21}},"loc":{"start":{"line":53,"column":27},"end":{"line":56,"column":1}},"line":53},"5":{"name":"gerarModulos","decl":{"start":{"line":99,"column":9},"end":{"line":99,"column":21}},"loc":{"start":{"line":99,"column":48},"end":{"line":113,"column":1}},"line":99},"6":{"name":"gerarDicas","decl":{"start":{"line":115,"column":9},"end":{"line":115,"column":19}},"loc":{"start":{"line":115,"column":32},"end":{"line":121,"column":1}},"line":115}},"branchMap":{"0":{"loc":{"start":{"line":14,"column":2},"end":{"line":20,"column":3}},"type":"if","locations":[{"start":{"line":14,"column":2},"end":{"line":20,"column":3}},{"start":{},"end":{}}],"line":14},"1":{"loc":{"start":{"line":100,"column":15},"end":{"line":100,"column":73}},"type":"binary-expr","locations":[{"start":{"line":100,"column":15},"end":{"line":100,"column":37}},{"start":{"line":100,"column":41},"end":{"line":100,"column":73}}],"line":100},"2":{"loc":{"start":{"line":101,"column":16},"end":{"line":101,"column":48}},"type":"binary-expr","locations":[{"start":{"line":101,"column":16},"end":{"line":101,"column":38}},{"start":{"line":101,"column":42},"end":{"line":101,"column":48}}],"line":101}},"s":{"0":3,"1":3,"2":3,"3":3,"4":3,"5":10,"6":10,"7":89,"8":10,"9":2,"10":80,"11":2,"12":8,"13":8,"14":8,"15":8,"16":8,"17":16,"18":8,"19":16,"20":16,"21":3,"22":3,"23":8,"24":8,"25":8,"26":8,"27":8,"28":66,"29":66,"30":8,"31":8,"32":3},"f":{"0":10,"1":89,"2":80,"3":16,"4":16,"5":8,"6":8},"b":{"0":[2,8],"1":[8,0],"2":[8,0]},"_coverageSchema":"1a1c01bbd47fc00a2c39e90264f33305004495a9","hash":"cd852b8b601c88899ae21ec7810ed1edf9045aa6"}
}
