TN:
SF:src/server.js
FN:17,(anonymous_0)
FNF:1
FNH:0
FNDA:0,(anonymous_0)
DA:1,3
DA:2,3
DA:3,3
DA:4,3
DA:6,3
DA:7,3
DA:9,3
DA:10,3
DA:11,3
DA:13,3
DA:15,3
DA:16,0
DA:17,0
LF:13
LH:11
BRDA:15,0,0,0
BRDA:15,0,1,3
BRDA:16,1,0,0
BRDA:16,1,1,0
BRF:4
BRH:1
end_of_record
TN:
SF:src/routes/certificado.js
FN:11,(anonymous_0)
FN:22,(anonymous_1)
FN:78,gerarSufixo
FN:80,(anonymous_3)
FN:83,gerarCompetencias
FN:99,competenciasGenericas
FNF:6
FNH:6
FNDA:13,(anonymous_0)
FNDA:90,(anonymous_1)
FNDA:10,gerarSufixo
FNDA:40,(anonymous_3)
FNDA:8,gerarCompetencias
FNDA:2,competenciasGenericas
DA:1,3
DA:2,3
DA:3,3
DA:5,3
DA:11,3
DA:12,13
DA:14,13
DA:15,3
DA:20,10
DA:21,10
DA:23,90
DA:27,10
DA:28,10
DA:34,10
DA:35,10
DA:37,10
DA:39,2
DA:57,8
DA:59,8
DA:79,10
DA:80,40
DA:84,8
DA:90,8
DA:91,2
DA:93,8
DA:94,0
DA:96,8
DA:100,2
DA:108,3
LF:29
LH:28
BRDA:14,0,0,3
BRDA:14,0,1,10
BRDA:14,1,0,13
BRDA:14,1,1,11
BRDA:23,2,0,90
BRDA:23,2,1,82
BRDA:37,3,0,2
BRDA:37,3,1,8
BRDA:90,4,0,2
BRDA:90,4,1,6
BRDA:90,5,0,8
BRDA:90,5,1,6
BRDA:93,6,0,0
BRDA:93,6,1,8
BRF:14
BRH:13
end_of_record
TN:
SF:src/routes/desafio.js
FN:9,(anonymous_0)
FN:36,normalizarNivel
FN:224,randomInt
FN:228,xpAleatorio
FN:234,gerarDesafio
FNF:5
FNH:5
FNDA:55,(anonymous_0)
FNDA:55,normalizarNivel
FNDA:53,randomInt
FNDA:53,xpAleatorio
FNDA:53,gerarDesafio
DA:1,3
DA:3,3
DA:9,3
DA:10,55
DA:11,55
DA:12,55
DA:14,55
DA:15,2
DA:21,53
DA:22,53
DA:27,3
DA:37,55
DA:40,3
DA:42,3
DA:48,3
DA:225,53
DA:229,53
DA:230,53
DA:231,53
DA:235,53
DA:236,53
DA:238,53
DA:253,3
LF:23
LH:23
BRDA:14,0,0,2
BRDA:14,0,1,53
BRDA:37,1,0,55
BRDA:37,1,1,2
BRF:4
BRH:4
end_of_record
TN:
SF:src/routes/trilha.js
FN:10,(anonymous_0)
FN:12,(anonymous_1)
FN:15,(anonymous_2)
FN:40,(anonymous_3)
FN:53,formatarData
FN:99,gerarModulos
FN:115,gerarDicas
FNF:7
FNH:7
FNDA:10,(anonymous_0)
FNDA:89,(anonymous_1)
FNDA:80,(anonymous_2)
FNDA:16,(anonymous_3)
FNDA:16,formatarData
FNDA:8,gerarModulos
FNDA:8,gerarDicas
DA:1,3
DA:2,3
DA:3,3
DA:5,3
DA:10,3
DA:11,10
DA:12,89
DA:14,10
DA:15,80
DA:16,2
DA:23,8
DA:24,8
DA:25,8
DA:26,8
DA:28,8
DA:40,16
DA:48,8
DA:54,16
DA:55,16
DA:58,3
DA:97,3
DA:100,8
DA:101,8
DA:102,8
DA:103,8
DA:104,66
DA:105,66
DA:112,8
DA:116,8
DA:123,3
LF:30
LH:30
BRDA:14,0,0,2
BRDA:14,0,1,8
BRDA:100,1,0,8
BRDA:100,1,1,0
BRDA:101,2,0,8
BRDA:101,2,1,0
BRF:6
BRH:4
end_of_record
